# JRE version: OpenJDK Runtime Environment Temurin-17.0.4.1+1 (17.0.4.1+1) (build 17.0.4.1+1)
# Java VM: OpenJDK 64-Bit Server VM Temurin-17.0.4.1+1 (17.0.4.1+1, mixed mode, emulated-client, tiered, compressed oops, compressed class ptrs, g1 gc, windows-amd64)
GC Precious Log:
 CPUs: 8 total, 8 available
 Memory: 8070M
 Large Page Support: Disabled
 NUMA Support: Disabled
 Compressed Oops: Enabled (32-bit)
 Heap Region Size: 1M
 Heap Min Capacity: 8M
 Heap Initial Capacity: 128M
 Heap Max Capacity: 2018M
 Pre-touch: Disabled
 Parallel Workers: 8
 Concurrent Workers: 2
 Concurrent Refinement Workers: 8
 Periodic GC: Disabled
Heap:
 garbage-first heap   total 71680K, used 41072K [0x0000000081e00000, 0x0000000100000000)
  region size 1024K, 8 young (8192K), 1 survivors (1024K)
 Metaspace       used 67592K, committed 68096K, reserved 1114112K
  class space    used 8899K, committed 9088K, reserved 1048576K
GC Heap History (20 events):
Event: 7.979 GC heap before
{Heap before GC invocations=18 (full 0):
 garbage-first heap   total 71680K, used 58448K [0x0000000081e00000, 0x0000000100000000)
  region size 1024K, 35 young (35840K), 2 survivors (2048K)
 Metaspace       used 54892K, committed 55296K, reserved 1097728K
  class space    used 7173K, committed 7360K, reserved 1048576K
}
Event: 7.982 GC heap after
{Heap after GC invocations=19 (full 0):
 garbage-first heap   total 71680K, used 25836K [0x0000000081e00000, 0x0000000100000000)
  region size 1024K, 3 young (3072K), 3 survivors (3072K)
 Metaspace       used 54892K, committed 55296K, reserved 1097728K
  class space    used 7173K, committed 7360K, reserved 1048576K
}
Event: 8.328 GC heap before
{Heap before GC invocations=19 (full 0):
 garbage-first heap   total 71680K, used 58604K [0x0000000081e00000, 0x0000000100000000)
  region size 1024K, 35 young (35840K), 3 survivors (3072K)
 Metaspace       used 56953K, committed 57344K, reserved 1105920K
  class space    used 7509K, committed 7680K, reserved 1048576K
}
Event: 8.332 GC heap after
{Heap after GC invocations=20 (full 0):
 garbage-first heap   total 71680K, used 27591K [0x0000000081e00000, 0x0000000100000000)
  region size 1024K, 4 young (4096K), 4 survivors (4096K)
 Metaspace       used 56953K, committed 57344K, reserved 1105920K
  class space    used 7509K, committed 7680K, reserved 1048576K
}
Event: 13.592 GC heap before
{Heap before GC invocations=20 (full 0):
 garbage-first heap   total 71680K, used 57287K [0x0000000081e00000, 0x0000000100000000)
  region size 1024K, 34 young (34816K), 4 survivors (4096K)
 Metaspace       used 59693K, committed 60160K, reserved 1105920K
  class space    used 7866K, committed 8064K, reserved 1048576K
}
Event: 13.597 GC heap after
{Heap after GC invocations=21 (full 0):
 garbage-first heap   total 71680K, used 29186K [0x0000000081e00000, 0x0000000100000000)
  region size 1024K, 4 young (4096K), 4 survivors (4096K)
 Metaspace       used 59693K, committed 60160K, reserved 1105920K
  class space    used 7866K, committed 8064K, reserved 1048576K
}
Event: 13.626 GC heap before
{Heap before GC invocations=21 (full 0):
 garbage-first heap   total 71680K, used 30210K [0x0000000081e00000, 0x0000000100000000)
  region size 1024K, 6 young (6144K), 4 survivors (4096K)
 Metaspace       used 59831K, committed 60288K, reserved 1105920K
  class space    used 7881K, committed 8064K, reserved 1048576K
}
Event: 13.630 GC heap after
{Heap after GC invocations=22 (full 0):
 garbage-first heap   total 71680K, used 29282K [0x0000000081e00000, 0x0000000100000000)
  region size 1024K, 2 young (2048K), 2 survivors (2048K)
 Metaspace       used 59831K, committed 60288K, reserved 1105920K
  class space    used 7881K, committed 8064K, reserved 1048576K
}
Event: 14.100 GC heap before
{Heap before GC invocations=23 (full 0):
 garbage-first heap   total 71680K, used 57954K [0x0000000081e00000, 0x0000000100000000)
  region size 1024K, 31 young (31744K), 2 survivors (2048K)
 Metaspace       used 63481K, committed 63872K, reserved 1105920K
  class space    used 8339K, committed 8512K, reserved 1048576K
}
Event: 14.103 GC heap after
{Heap after GC invocations=24 (full 0):
 garbage-first heap   total 71680K, used 30513K [0x0000000081e00000, 0x0000000100000000)
  region size 1024K, 4 young (4096K), 4 survivors (4096K)
 Metaspace       used 63481K, committed 63872K, reserved 1105920K
  class space    used 8339K, committed 8512K, reserved 1048576K
}
Event: 14.497 GC heap before
{Heap before GC invocations=24 (full 0):
 garbage-first heap   total 71680K, used 58161K [0x0000000081e00000, 0x0000000100000000)
  region size 1024K, 31 young (31744K), 4 survivors (4096K)
 Metaspace       used 65850K, committed 66240K, reserved 1114112K
  class space    used 8655K, committed 8832K, reserved 1048576K
}
Event: 14.501 GC heap after
{Heap after GC invocations=25 (full 0):
 garbage-first heap   total 71680K, used 32777K [0x0000000081e00000, 0x0000000100000000)
  region size 1024K, 4 young (4096K), 4 survivors (4096K)
 Metaspace       used 65850K, committed 66240K, reserved 1114112K
  class space    used 8655K, committed 8832K, reserved 1048576K
}
Event: 14.859 GC heap before
{Heap before GC invocations=25 (full 0):
 garbage-first heap   total 71680K, used 56329K [0x0000000081e00000, 0x0000000100000000)
  region size 1024K, 28 young (28672K), 4 survivors (4096K)
 Metaspace       used 67462K, committed 67840K, reserved 1114112K
  class space    used 8895K, committed 9088K, reserved 1048576K
}
Event: 14.862 GC heap after
{Heap after GC invocations=26 (full 0):
 garbage-first heap   total 71680K, used 32525K [0x0000000081e00000, 0x0000000100000000)
  region size 1024K, 1 young (1024K), 1 survivors (1024K)
 Metaspace       used 67462K, committed 67840K, reserved 1114112K
  class space    used 8895K, committed 9088K, reserved 1048576K
}
Event: 101.847 GC heap before
{Heap before GC invocations=26 (full 0):
 garbage-first heap   total 71680K, used 57101K [0x0000000081e00000, 0x0000000100000000)
  region size 1024K, 26 young (26624K), 1 survivors (1024K)
 Metaspace       used 67675K, committed 68096K, reserved 1114112K
  class space    used 8920K, committed 9088K, reserved 1048576K
}
Event: 101.851 GC heap after
{Heap after GC invocations=27 (full 0):
 garbage-first heap   total 71680K, used 33392K [0x0000000081e00000, 0x0000000100000000)
  region size 1024K, 2 young (2048K), 2 survivors (2048K)
 Metaspace       used 67675K, committed 68096K, reserved 1114112K
  class space    used 8920K, committed 9088K, reserved 1048576K
}
Event: 161.556 GC heap before
{Heap before GC invocations=28 (full 0):
 garbage-first heap   total 71680K, used 56944K [0x0000000081e00000, 0x0000000100000000)
  region size 1024K, 26 young (26624K), 2 survivors (2048K)
 Metaspace       used 67528K, committed 68096K, reserved 1114112K
  class space    used 8889K, committed 9088K, reserved 1048576K
}
Event: 161.562 GC heap after
{Heap after GC invocations=29 (full 0):
 garbage-first heap   total 71680K, used 35635K [0x0000000081e00000, 0x0000000100000000)
  region size 1024K, 4 young (4096K), 4 survivors (4096K)
 Metaspace       used 67528K, committed 68096K, reserved 1114112K
  class space    used 8889K, committed 9088K, reserved 1048576K
}
Event: 161.567 GC heap before
{Heap before GC invocations=29 (full 0):
 garbage-first heap   total 71680K, used 36659K [0x0000000081e00000, 0x0000000100000000)
  region size 1024K, 5 young (5120K), 4 survivors (4096K)
 Metaspace       used 67528K, committed 68096K, reserved 1114112K
  class space    used 8889K, committed 9088K, reserved 1048576K
}
Event: 161.576 GC heap after
{Heap after GC invocations=30 (full 0):
 garbage-first heap   total 71680K, used 34928K [0x0000000081e00000, 0x0000000100000000)
  region size 1024K, 1 young (1024K), 1 survivors (1024K)
 Metaspace       used 67528K, committed 68096K, reserved 1114112K
  class space    used 8889K, committed 9088K, reserved 1048576K
}

